<?xml version="1.0" encoding="UTF-8"?>
<!-- Generated by org.testng.reporters.JUnitXMLReporter -->
<testsuite ignored="0" hostname="LAPTOP-E2KT3BQR" failures="0" tests="9" name="Test" time="34.503" errors="0" timestamp="2024-04-11T19:30:16 IST">
  <testcase classname="TestCases.QALegendTestCases" name="@BeforeMethod initialization" time="9.013">
    <failure type="java.lang.Error" message="Unresolved compilation problem: 
	Syntax error on token &amp;quot;,&amp;quot;, byte expected after this token
">
      <![CDATA[java.lang.Error: Unresolved compilation problem: 
Syntax error on token ",", byte expected after this token

at Utilities.PageUtility.<init>(PageUtility.java:78)
at PageClasses.QALegend_LoginPage.<init>(QALegend_LoginPage.java:21)
at TestCases.QALegendTestCases.initialization(QALegendTestCases.java:58)
at java.base/java.util.ArrayList.forEach(ArrayList.java:1511)
... Removed 29 stack frames]]>
    </failure>
  </testcase> <!-- @BeforeMethod initialization -->
  <testcase classname="TestCases.QALegendTestCases" name="@BeforeMethod initialization" time="2.881">
    <failure type="java.lang.Error" message="Unresolved compilation problem: 
	Syntax error on token &amp;quot;,&amp;quot;, byte expected after this token
">
      <![CDATA[java.lang.Error: Unresolved compilation problem: 
Syntax error on token ",", byte expected after this token

at Utilities.PageUtility.<init>(PageUtility.java:78)
at PageClasses.QALegend_LoginPage.<init>(QALegend_LoginPage.java:21)
at TestCases.QALegendTestCases.initialization(QALegendTestCases.java:58)
at java.base/java.util.ArrayList.forEach(ArrayList.java:1511)
... Removed 29 stack frames]]>
    </failure>
  </testcase> <!-- @BeforeMethod initialization -->
  <testcase classname="TestCases.QALegendTestCases" name="@BeforeMethod initialization" time="2.548">
    <failure type="java.lang.Error" message="Unresolved compilation problem: 
	Syntax error on token &amp;quot;,&amp;quot;, byte expected after this token
">
      <![CDATA[java.lang.Error: Unresolved compilation problem: 
Syntax error on token ",", byte expected after this token

at Utilities.PageUtility.<init>(PageUtility.java:78)
at PageClasses.QALegend_LoginPage.<init>(QALegend_LoginPage.java:21)
at TestCases.QALegendTestCases.initialization(QALegendTestCases.java:58)
at java.base/java.util.ArrayList.forEach(ArrayList.java:1511)
... Removed 29 stack frames]]>
    </failure>
  </testcase> <!-- @BeforeMethod initialization -->
  <testcase classname="TestCases.QALegendTestCases" name="@BeforeMethod initialization" time="2.572">
    <failure type="java.lang.Error" message="Unresolved compilation problem: 
	Syntax error on token &amp;quot;,&amp;quot;, byte expected after this token
">
      <![CDATA[java.lang.Error: Unresolved compilation problem: 
Syntax error on token ",", byte expected after this token

at Utilities.PageUtility.<init>(PageUtility.java:78)
at PageClasses.QALegend_LoginPage.<init>(QALegend_LoginPage.java:21)
at TestCases.QALegendTestCases.initialization(QALegendTestCases.java:58)
at java.base/java.util.ArrayList.forEach(ArrayList.java:1511)
... Removed 29 stack frames]]>
    </failure>
  </testcase> <!-- @BeforeMethod initialization -->
  <testcase classname="TestCases.QALegendTestCases" name="@BeforeMethod initialization" time="3.387">
    <failure type="java.lang.Error" message="Unresolved compilation problem: 
	Syntax error on token &amp;quot;,&amp;quot;, byte expected after this token
">
      <![CDATA[java.lang.Error: Unresolved compilation problem: 
Syntax error on token ",", byte expected after this token

at Utilities.PageUtility.<init>(PageUtility.java:78)
at PageClasses.QALegend_LoginPage.<init>(QALegend_LoginPage.java:21)
at TestCases.QALegendTestCases.initialization(QALegendTestCases.java:58)
at java.base/java.util.ArrayList.forEach(ArrayList.java:1511)
... Removed 29 stack frames]]>
    </failure>
  </testcase> <!-- @BeforeMethod initialization -->
  <testcase classname="TestCases.QALegendTestCases" name="@BeforeMethod initialization" time="2.651">
    <failure type="java.lang.Error" message="Unresolved compilation problem: 
	Syntax error on token &amp;quot;,&amp;quot;, byte expected after this token
">
      <![CDATA[java.lang.Error: Unresolved compilation problem: 
Syntax error on token ",", byte expected after this token

at Utilities.PageUtility.<init>(PageUtility.java:78)
at PageClasses.QALegend_LoginPage.<init>(QALegend_LoginPage.java:21)
at TestCases.QALegendTestCases.initialization(QALegendTestCases.java:58)
at java.base/java.util.ArrayList.forEach(ArrayList.java:1511)
... Removed 29 stack frames]]>
    </failure>
  </testcase> <!-- @BeforeMethod initialization -->
  <testcase classname="TestCases.QALegendTestCases" name="@BeforeMethod initialization" time="2.778">
    <failure type="java.lang.Error" message="Unresolved compilation problem: 
	Syntax error on token &amp;quot;,&amp;quot;, byte expected after this token
">
      <![CDATA[java.lang.Error: Unresolved compilation problem: 
Syntax error on token ",", byte expected after this token

at Utilities.PageUtility.<init>(PageUtility.java:78)
at PageClasses.QALegend_LoginPage.<init>(QALegend_LoginPage.java:21)
at TestCases.QALegendTestCases.initialization(QALegendTestCases.java:58)
at java.base/java.util.ArrayList.forEach(ArrayList.java:1511)
... Removed 29 stack frames]]>
    </failure>
  </testcase> <!-- @BeforeMethod initialization -->
  <testcase classname="TestCases.QALegendTestCases" name="@BeforeMethod initialization" time="2.781">
    <failure type="java.lang.Error" message="Unresolved compilation problem: 
	Syntax error on token &amp;quot;,&amp;quot;, byte expected after this token
">
      <![CDATA[java.lang.Error: Unresolved compilation problem: 
Syntax error on token ",", byte expected after this token

at Utilities.PageUtility.<init>(PageUtility.java:78)
at PageClasses.QALegend_LoginPage.<init>(QALegend_LoginPage.java:21)
at TestCases.QALegendTestCases.initialization(QALegendTestCases.java:58)
at java.base/java.util.ArrayList.forEach(ArrayList.java:1511)
... Removed 29 stack frames]]>
    </failure>
  </testcase> <!-- @BeforeMethod initialization -->
  <testcase classname="TestCases.QALegendTestCases" name="@BeforeMethod initialization" time="3.983">
    <failure type="java.lang.Error" message="Unresolved compilation problem: 
	Syntax error on token &amp;quot;,&amp;quot;, byte expected after this token
">
      <![CDATA[java.lang.Error: Unresolved compilation problem: 
Syntax error on token ",", byte expected after this token

at Utilities.PageUtility.<init>(PageUtility.java:78)
at PageClasses.QALegend_LoginPage.<init>(QALegend_LoginPage.java:21)
at TestCases.QALegendTestCases.initialization(QALegendTestCases.java:58)
at java.base/java.util.ArrayList.forEach(ArrayList.java:1511)
... Removed 29 stack frames]]>
    </failure>
  </testcase> <!-- @BeforeMethod initialization -->
  <testcase classname="TestCases.QALegendTestCases" name="isEventAdded" time="0.0">
    <skipped/>
  </testcase> <!-- isEventAdded -->
  <testcase classname="TestCases.QALegendTestCases" name="mandatoryFieldCheckClientCompany" time="0.0">
    <skipped/>
  </testcase> <!-- mandatoryFieldCheckClientCompany -->
  <testcase classname="TestCases.QALegendTestCases" name="downloadClientReport" time="0.0">
    <skipped/>
  </testcase> <!-- downloadClientReport -->
  <testcase classname="TestCases.QALegendTestCases" name="sendEmail" time="0.0">
    <skipped/>
  </testcase> <!-- sendEmail -->
  <testcase classname="TestCases.QALegendTestCases" name="verifyNumberOfTickets" time="0.0">
    <skipped/>
  </testcase> <!-- verifyNumberOfTickets -->
  <testcase classname="TestCases.QALegendTestCases" name="isAddedNotesDisplayed" time="0.0">
    <skipped/>
  </testcase> <!-- isAddedNotesDisplayed -->
  <testcase classname="TestCases.QALegendTestCases" name="userCanApplyForLeave" time="0.001">
    <skipped/>
  </testcase> <!-- userCanApplyForLeave -->
  <testcase classname="TestCases.QALegendTestCases" name="isAddedProjectViewable" time="0.0">
    <skipped/>
  </testcase> <!-- isAddedProjectViewable -->
  <testcase classname="TestCases.QALegendTestCases" name="canUseraddTickets" time="0.0">
    <skipped/>
  </testcase> <!-- canUseraddTickets -->
</testsuite> <!-- Test -->
